2022-11-05 12:37:28,204 [INFO] Activator:177 - 


2022-11-05 12:37:28,206 [INFO] Activator:178 - !SESSION log4j initialized
2022-11-05 12:37:57,679 [ERROR] LogOutputStream:74 - [STDERR_REDIRECT] SLF4J: Failed to load class "org.slf4j.impl.StaticLoggerBinder".
2022-11-05 12:37:57,680 [ERROR] LogOutputStream:74 - [STDERR_REDIRECT] SLF4J: Defaulting to no-operation (NOP) logger implementation
2022-11-05 12:37:57,682 [ERROR] LogOutputStream:74 - [STDERR_REDIRECT] SLF4J: See http://www.slf4j.org/codes.html#StaticLoggerBinder for further details.
2022-11-06 15:12:40,839 [INFO] Activator:177 - 


2022-11-06 15:12:40,839 [INFO] Activator:178 - !SESSION log4j initialized
2022-11-06 15:13:16,822 [ERROR] LogOutputStream:74 - [STDERR_REDIRECT] SLF4J: Failed to load class "org.slf4j.impl.StaticLoggerBinder".
2022-11-06 15:13:16,822 [ERROR] LogOutputStream:74 - [STDERR_REDIRECT] SLF4J: Defaulting to no-operation (NOP) logger implementation
2022-11-06 15:13:16,822 [ERROR] LogOutputStream:74 - [STDERR_REDIRECT] SLF4J: See http://www.slf4j.org/codes.html#StaticLoggerBinder for further details.
2022-11-12 09:56:13,078 [INFO] Activator:177 - 


2022-11-12 09:56:13,078 [INFO] Activator:178 - !SESSION log4j initialized
2022-11-12 09:56:48,197 [ERROR] LogOutputStream:74 - [STDERR_REDIRECT] SLF4J: Failed to load class "org.slf4j.impl.StaticLoggerBinder".
2022-11-12 09:56:48,197 [ERROR] LogOutputStream:74 - [STDERR_REDIRECT] SLF4J: Defaulting to no-operation (NOP) logger implementation
2022-11-12 09:56:48,197 [ERROR] LogOutputStream:74 - [STDERR_REDIRECT] SLF4J: See http://www.slf4j.org/codes.html#StaticLoggerBinder for further details.
2022-11-12 17:09:08,535 [INFO] Activator:177 - 


2022-11-12 17:09:08,535 [INFO] Activator:178 - !SESSION log4j initialized
2022-11-12 17:09:42,289 [ERROR] LogOutputStream:74 - [STDERR_REDIRECT] SLF4J: Failed to load class "org.slf4j.impl.StaticLoggerBinder".
2022-11-12 17:09:42,289 [ERROR] LogOutputStream:74 - [STDERR_REDIRECT] SLF4J: Defaulting to no-operation (NOP) logger implementation
2022-11-12 17:09:42,289 [ERROR] LogOutputStream:74 - [STDERR_REDIRECT] SLF4J: See http://www.slf4j.org/codes.html#StaticLoggerBinder for further details.
2022-11-13 09:47:43,234 [INFO] Activator:177 - 


2022-11-13 09:47:43,234 [INFO] Activator:178 - !SESSION log4j initialized
2022-11-13 09:48:19,988 [ERROR] LogOutputStream:74 - [STDERR_REDIRECT] SLF4J: Failed to load class "org.slf4j.impl.StaticLoggerBinder".
2022-11-13 09:48:19,989 [ERROR] LogOutputStream:74 - [STDERR_REDIRECT] SLF4J: Defaulting to no-operation (NOP) logger implementation
2022-11-13 09:48:19,991 [ERROR] LogOutputStream:74 - [STDERR_REDIRECT] SLF4J: See http://www.slf4j.org/codes.html#StaticLoggerBinder for further details.
2022-11-24 19:07:01,636 [INFO] Activator:177 - 


2022-11-24 19:07:01,642 [INFO] Activator:178 - !SESSION log4j initialized
2022-11-24 19:07:36,229 [ERROR] LogOutputStream:74 - [STDERR_REDIRECT] SLF4J: Failed to load class "org.slf4j.impl.StaticLoggerBinder".
2022-11-24 19:07:36,230 [ERROR] LogOutputStream:74 - [STDERR_REDIRECT] SLF4J: Defaulting to no-operation (NOP) logger implementation
2022-11-24 19:07:36,232 [ERROR] LogOutputStream:74 - [STDERR_REDIRECT] SLF4J: See http://www.slf4j.org/codes.html#StaticLoggerBinder for further details.
2022-11-24 19:46:00,917 [INFO] Activator:177 - 


2022-11-24 19:46:00,918 [INFO] Activator:178 - !SESSION log4j initialized
2022-11-24 19:46:33,772 [ERROR] LogOutputStream:74 - [STDERR_REDIRECT] SLF4J: Failed to load class "org.slf4j.impl.StaticLoggerBinder".
2022-11-24 19:46:33,773 [ERROR] LogOutputStream:74 - [STDERR_REDIRECT] SLF4J: Defaulting to no-operation (NOP) logger implementation
2022-11-24 19:46:33,775 [ERROR] LogOutputStream:74 - [STDERR_REDIRECT] SLF4J: See http://www.slf4j.org/codes.html#StaticLoggerBinder for further details.
2022-11-26 10:33:04,889 [INFO] Activator:177 - 


2022-11-26 10:33:04,899 [INFO] Activator:178 - !SESSION log4j initialized
2022-11-26 10:33:41,849 [ERROR] LogOutputStream:74 - [STDERR_REDIRECT] SLF4J: Failed to load class "org.slf4j.impl.StaticLoggerBinder".
2022-11-26 10:33:41,850 [ERROR] LogOutputStream:74 - [STDERR_REDIRECT] SLF4J: Defaulting to no-operation (NOP) logger implementation
2022-11-26 10:33:41,852 [ERROR] LogOutputStream:74 - [STDERR_REDIRECT] SLF4J: See http://www.slf4j.org/codes.html#StaticLoggerBinder for further details.
2022-11-27 13:49:40,453 [INFO] Activator:177 - 


2022-11-27 13:49:40,453 [INFO] Activator:178 - !SESSION log4j initialized
2022-11-27 13:50:18,809 [ERROR] LogOutputStream:74 - [STDERR_REDIRECT] SLF4J: Failed to load class "org.slf4j.impl.StaticLoggerBinder".
2022-11-27 13:50:18,809 [ERROR] LogOutputStream:74 - [STDERR_REDIRECT] SLF4J: Defaulting to no-operation (NOP) logger implementation
2022-11-27 13:50:18,809 [ERROR] LogOutputStream:74 - [STDERR_REDIRECT] SLF4J: See http://www.slf4j.org/codes.html#StaticLoggerBinder for further details.
2022-12-03 09:45:57,490 [INFO] Activator:177 - 


2022-12-03 09:45:57,490 [INFO] Activator:178 - !SESSION log4j initialized
2022-12-03 09:46:30,073 [ERROR] LogOutputStream:74 - [STDERR_REDIRECT] SLF4J: Failed to load class "org.slf4j.impl.StaticLoggerBinder".
2022-12-03 09:46:30,073 [ERROR] LogOutputStream:74 - [STDERR_REDIRECT] SLF4J: Defaulting to no-operation (NOP) logger implementation
2022-12-03 09:46:30,073 [ERROR] LogOutputStream:74 - [STDERR_REDIRECT] SLF4J: See http://www.slf4j.org/codes.html#StaticLoggerBinder for further details.
2022-12-04 10:21:42,505 [INFO] Activator:177 - 


2022-12-04 10:21:42,516 [INFO] Activator:178 - !SESSION log4j initialized
2022-12-08 17:07:00,291 [INFO] Activator:177 - 


2022-12-08 17:07:00,307 [INFO] Activator:178 - !SESSION log4j initialized
2022-12-08 17:07:34,578 [ERROR] LogOutputStream:74 - [STDERR_REDIRECT] SLF4J: Failed to load class "org.slf4j.impl.StaticLoggerBinder".
2022-12-08 17:07:34,580 [ERROR] LogOutputStream:74 - [STDERR_REDIRECT] SLF4J: Defaulting to no-operation (NOP) logger implementation
2022-12-08 17:07:34,583 [ERROR] LogOutputStream:74 - [STDERR_REDIRECT] SLF4J: See http://www.slf4j.org/codes.html#StaticLoggerBinder for further details.
2022-12-09 08:38:36,298 [INFO] Activator:177 - 


2022-12-09 08:38:36,300 [INFO] Activator:178 - !SESSION log4j initialized
2022-12-09 08:39:12,516 [ERROR] LogOutputStream:74 - [STDERR_REDIRECT] SLF4J: Failed to load class "org.slf4j.impl.StaticLoggerBinder".
2022-12-09 08:39:12,517 [ERROR] LogOutputStream:74 - [STDERR_REDIRECT] SLF4J: Defaulting to no-operation (NOP) logger implementation
2022-12-09 08:39:12,519 [ERROR] LogOutputStream:74 - [STDERR_REDIRECT] SLF4J: See http://www.slf4j.org/codes.html#StaticLoggerBinder for further details.
2022-12-10 10:28:17,324 [INFO] Activator:177 - 


2022-12-10 10:28:17,335 [INFO] Activator:178 - !SESSION log4j initialized
2022-12-10 10:28:55,997 [ERROR] LogOutputStream:74 - [STDERR_REDIRECT] SLF4J: Failed to load class "org.slf4j.impl.StaticLoggerBinder".
2022-12-10 10:28:55,998 [ERROR] LogOutputStream:74 - [STDERR_REDIRECT] SLF4J: Defaulting to no-operation (NOP) logger implementation
2022-12-10 10:28:56,000 [ERROR] LogOutputStream:74 - [STDERR_REDIRECT] SLF4J: See http://www.slf4j.org/codes.html#StaticLoggerBinder for further details.
2022-12-10 16:12:13,186 [INFO] Activator:177 - 


2022-12-10 16:12:13,186 [INFO] Activator:178 - !SESSION log4j initialized
2022-12-10 16:12:48,903 [ERROR] LogOutputStream:74 - [STDERR_REDIRECT] SLF4J: Failed to load class "org.slf4j.impl.StaticLoggerBinder".
2022-12-10 16:12:48,903 [ERROR] LogOutputStream:74 - [STDERR_REDIRECT] SLF4J: Defaulting to no-operation (NOP) logger implementation
2022-12-10 16:12:48,903 [ERROR] LogOutputStream:74 - [STDERR_REDIRECT] SLF4J: See http://www.slf4j.org/codes.html#StaticLoggerBinder for further details.
